<?xml version="1.0" encoding="UTF-8"?>
<!-- Generated by org.testng.reporters.JUnitReportReporter -->
<testsuite hostname="DESKTOP-O1960VT" failures="0" tests="1" name="script.Tc3" time="47.647" errors="0" timestamp="2024-02-02T20:14:23 IST" skipped="0">
  <testcase classname="script.Tc3" name="tc3" time="47.647"/>
  <system-out/>
</testsuite> <!-- script.Tc3 -->
